This is pdfTeX, Version 3.14159265-2.6-1.40.18 (TeX Live 2017/Debian) (preloaded format=pdflatex 2018.10.23)  3 NOV 2018 21:47
entering extended mode
 restricted \write18 enabled.
 file:line:error style messages enabled.
 %&-line parsing enabled.
**/home/jigao/Documents/TUM_Latex/160509-LaTeX-V14/Ressourcen/Praesentation/Anfang.tex
(/home/jigao/Documents/TUM_Latex/160509-LaTeX-V14/Ressourcen/Praesentation/Anfang.tex
LaTeX2e <2017-04-15>
Babel <3.18> and hyphenation patterns for 8 language(s) loaded.

! LaTeX Error: File `../Ressourcen/_Informationen.tex' not found.

Type X to quit or <RETURN> to proceed,
or enter new name. (Default extension: tex)

Enter file name: 
/home/jigao/Documents/TUM_Latex/160509-LaTeX-V14/Ressourcen/Praesentation/Anfang.tex:5: Emergency stop.
<read *> 
         
l.5 \input{../Ressourcen/_Informationen.tex}
                                            ^^M
*** (cannot \read from terminal in nonstop modes)

 
Here is how much of TeX's memory you used:
 8 strings out of 494871
 378 string characters out of 6178381
 46651 words of memory out of 5000000
 3437 multiletter control sequences out of 15000+600000
 3640 words of font info for 14 fonts, out of 8000000 for 9000
 14 hyphenation exceptions out of 8191
 5i,0n,3p,167b,8s stack positions out of 5000i,500n,10000p,200000b,80000s
/home/jigao/Documents/TUM_Latex/160509-LaTeX-V14/Ressourcen/Praesentation/Anfang.tex:5:  ==> Fatal error occurred, no output PDF file produced!
